[debug] [2025-08-08T00:33:12.685Z] ----------------------------------------------------------------------
[debug] [2025-08-08T00:33:12.717Z] Command:       /data/data/com.termux/files/usr/bin/node /data/data/com.termux/files/usr/bin/firebase deploy
[debug] [2025-08-08T00:33:12.719Z] CLI Version:   14.12.0
[debug] [2025-08-08T00:33:12.720Z] Platform:      android
[debug] [2025-08-08T00:33:12.720Z] Node Version:  v24.5.0
[debug] [2025-08-08T00:33:12.721Z] Time:          Fri Aug 08 2025 06:33:12 GMT+0600 (Bangladesh Standard Time)
[debug] [2025-08-08T00:33:12.722Z] ----------------------------------------------------------------------
[debug] 
[debug] [2025-08-08T00:33:13.601Z] > command requires scopes: ["email","openid","https://www.googleapis.com/auth/cloudplatformprojects.readonly","https://www.googleapis.com/auth/firebase","https://www.googleapis.com/auth/cloud-platform"]
[debug] [2025-08-08T00:33:13.604Z] > authorizing via signed-in user (israfilnia09@gmail.com)
[debug] [2025-08-08T00:33:13.605Z] [iam] checking project your-firebase-project-id for permissions ["firebase.projects.get","firebasehosting.sites.update"]
[debug] [2025-08-08T00:33:13.609Z] Checked if tokens are valid: true, expires at: 1754615424457
[debug] [2025-08-08T00:33:13.610Z] Checked if tokens are valid: true, expires at: 1754615424457
[debug] [2025-08-08T00:33:13.614Z] >>> [apiv2][query] POST https://cloudresourcemanager.googleapis.com/v1/projects/your-firebase-project-id:testIamPermissions [none]
[debug] [2025-08-08T00:33:13.615Z] >>> [apiv2][(partial)header] POST https://cloudresourcemanager.googleapis.com/v1/projects/your-firebase-project-id:testIamPermissions x-goog-quota-user=projects/your-firebase-project-id
[debug] [2025-08-08T00:33:13.616Z] >>> [apiv2][body] POST https://cloudresourcemanager.googleapis.com/v1/projects/your-firebase-project-id:testIamPermissions {"permissions":["firebase.projects.get","firebasehosting.sites.update"]}
[debug] [2025-08-08T00:33:15.387Z] <<< [apiv2][status] POST https://cloudresourcemanager.googleapis.com/v1/projects/your-firebase-project-id:testIamPermissions 200
[debug] [2025-08-08T00:33:15.388Z] <<< [apiv2][body] POST https://cloudresourcemanager.googleapis.com/v1/projects/your-firebase-project-id:testIamPermissions {}
[debug] [2025-08-08T00:33:15.389Z] [iam] error while checking permissions, command may fail: Authorization failed. This account is missing the following required permissions on project your-firebase-project-id:

  firebase.projects.get
  firebasehosting.sites.update
[debug] [2025-08-08T00:33:15.392Z] Checked if tokens are valid: true, expires at: 1754615424457
[debug] [2025-08-08T00:33:15.393Z] Checked if tokens are valid: true, expires at: 1754615424457
[debug] [2025-08-08T00:33:15.395Z] >>> [apiv2][query] GET https://firebase.googleapis.com/v1beta1/projects/your-firebase-project-id [none]
[debug] [2025-08-08T00:33:16.392Z] <<< [apiv2][status] GET https://firebase.googleapis.com/v1beta1/projects/your-firebase-project-id 403
[debug] [2025-08-08T00:33:16.393Z] <<< [apiv2][body] GET https://firebase.googleapis.com/v1beta1/projects/your-firebase-project-id {"error":{"code":403,"message":"The caller does not have permission","status":"PERMISSION_DENIED"}}
[debug] [2025-08-08T00:33:16.399Z] Request to https://firebase.googleapis.com/v1beta1/projects/your-firebase-project-id had HTTP Error: 403, The caller does not have permission
[debug] [2025-08-08T00:33:16.728Z] FirebaseError: Request to https://firebase.googleapis.com/v1beta1/projects/your-firebase-project-id had HTTP Error: 403, The caller does not have permission
    at responseToError (/data/data/com.termux/files/usr/lib/node_modules/firebase-tools/lib/responseToError.js:52:12)
    at RetryOperation._fn (/data/data/com.termux/files/usr/lib/node_modules/firebase-tools/lib/apiv2.js:312:77)
    at process.processTicksAndRejections (node:internal/process/task_queues:105:5)
[error] 
[error] Error: Failed to get Firebase project your-firebase-project-id. Please make sure the project exists and your account has permission to access it.
